<?xml version="1.0" encoding="UTF-8"?>
<!-- Generated by org.testng.reporters.JUnitReportReporter -->
<testsuite hostname="DESKTOP-3OONJHS" failures="0" tests="1" name="firstProjectAutomation.FirstTest" time="5.913" errors="0" timestamp="2024-08-12T22:44:43 AST" skipped="0">
  <testcase classname="firstProjectAutomation.FirstTest" name="firstTest" time="5.913"/>
  <system-out/>
</testsuite> <!-- firstProjectAutomation.FirstTest -->
