<?xml version="1.0" encoding="UTF-8"?>
<!-- Generated by org.testng.reporters.JUnitReportReporter -->
<testsuite hostname="DESKTOP-3OONJHS" failures="0" tests="1" name="firstProjectAutomation.FirstTest" time="4.635" errors="0" timestamp="2024-07-25T10:47:33 AST" skipped="0">
  <testcase classname="firstProjectAutomation.FirstTest" name="firstTest" time="4.635"/>
  <system-out/>
</testsuite> <!-- firstProjectAutomation.FirstTest -->
